[INFO ] 2024-10-06 13:27:39.652 [TestNG-PoolService-2] DriverManager - chrome browser is launched
[INFO ] 2024-10-06 13:27:39.652 [TestNG-PoolService-1] DriverManager - chrome browser is launched
[INFO ] 2024-10-06 13:27:41.524 [TestNG-PoolService-2] WarriorsHomePage - Navigated to https://www.nba.com/warriors
[INFO ] 2024-10-06 13:27:43.051 [TestNG-PoolService-2] UiUtility - Element is displayed
[INFO ] 2024-10-06 13:27:43.202 [TestNG-PoolService-2] UiUtility - Element is clicked
[INFO ] 2024-10-06 13:27:43.203 [TestNG-PoolService-2] WarriorsHomePage - Closed dialog seen during browser launch
[INFO ] 2024-10-06 13:27:43.971 [TestNG-PoolService-1] WarriorsHomePage - Navigated to https://www.nba.com/warriors
[INFO ] 2024-10-06 13:27:44.017 [TestNG-PoolService-1] UiUtility - Element is displayed
[INFO ] 2024-10-06 13:27:44.110 [TestNG-PoolService-1] UiUtility - Element is clicked
[INFO ] 2024-10-06 13:27:44.110 [TestNG-PoolService-1] WarriorsHomePage - Closed dialog seen during browser launch
[INFO ] 2024-10-06 13:27:48.477 [TestNG-PoolService-2] UiUtility - Element is not displayed
[INFO ] 2024-10-06 13:27:48.501 [TestNG-PoolService-2] WarriorsHomePage - OneTrust Banner was not seen during browser launch
[INFO ] 2024-10-06 13:27:49.322 [TestNG-PoolService-1] UiUtility - Element is not displayed
[INFO ] 2024-10-06 13:27:49.343 [TestNG-PoolService-1] WarriorsHomePage - OneTrust Banner was not seen during browser launch
[INFO ] 2024-10-06 13:27:49.354 [TestNG-PoolService-1] WarriorsHomePage - Driver in window: Golden State Warriors Homepage | Golden State Warriors
[INFO ] 2024-10-06 13:27:49.535 [TestNG-PoolService-1] UiUtility - Element is displayed
[INFO ] 2024-10-06 13:27:49.653 [TestNG-PoolService-1] UiUtility - Element is clicked
[INFO ] 2024-10-06 13:27:52.699 [TestNG-PoolService-2] WarriorsHomePage - Navigated to 'News & Features'..
[INFO ] 2024-10-06 13:27:54.178 [TestNG-PoolService-2] UiUtility - Element is displayed
[INFO ] 2024-10-06 13:27:54.196 [TestNG-PoolService-2] WarriorsNewsPage - Total video feeds count : 120
[INFO ] 2024-10-06 13:27:54.403 [TestNG-PoolService-2] WarriorsNewsPage - Total video feeds count >= 3d : 0
[INFO ] 2024-10-06 13:27:59.664 [TestNG-PoolService-1] WarriorsHomePage - Navigated to : Shop -> Men's
[INFO ] 2024-10-06 13:27:59.680 [TestNG-PoolService-1] WarriorsHomePage - Driver switched to window: Men's Golden State Warriors Gear, Mens Warriors Apparel, Guys Clothing | shop.warriors.com
[INFO ] 2024-10-06 13:27:59.711 [TestNG-PoolService-1] UiUtility - Element is displayed
[INFO ] 2024-10-06 13:28:02.681 [TestNG-PoolService-1] UiUtility - Element is clicked
[INFO ] 2024-10-06 13:28:02.684 [TestNG-PoolService-1] WarriorsHomePage - Created .txt file : C:\Users\prave\eclipse-workspace_2024-09_R_1\Veeva-Assignment\target\chrome\webpage-extracted.txt
[INFO ] 2024-10-06 13:28:05.405 [TestNG-PoolService-1] WarriorsHomePage - Total pages count : 5
[INFO ] 2024-10-06 13:28:05.405 [TestNG-PoolService-1] WarriorsHomePage - Iterating through each page....
[INFO ] 2024-10-06 13:28:07.225 [TestNG-PoolService-1] WarriorsHomePage - Iterating through each product within each page....
[INFO ] 2024-10-06 13:28:07.346 [TestNG-PoolService-1] WarriorsHomePage - Iterating through each product within each page....
[INFO ] 2024-10-06 13:28:07.376 [TestNG-PoolService-1] WarriorsHomePage - Iterating through each product within each page....
[INFO ] 2024-10-06 13:28:07.414 [TestNG-PoolService-1] WarriorsHomePage - Iterating through each product within each page....
[INFO ] 2024-10-06 13:28:07.453 [TestNG-PoolService-1] WarriorsHomePage - Iterating through each product within each page....
[INFO ] 2024-10-06 13:28:07.462 [TestNG-PoolService-1] WarriorsHomePage - Iterating through each product within each page....
[INFO ] 2024-10-06 13:28:07.477 [TestNG-PoolService-1] WarriorsHomePage - Iterating through each product within each page....
[INFO ] 2024-10-06 13:28:07.495 [TestNG-PoolService-1] WarriorsHomePage - Iterating through each product within each page....
[INFO ] 2024-10-06 13:28:07.509 [TestNG-PoolService-1] WarriorsHomePage - Iterating through each product within each page....
[INFO ] 2024-10-06 13:28:07.509 [TestNG-PoolService-1] WarriorsHomePage - Iterating through each product within each page....
[INFO ] 2024-10-06 13:28:07.544 [TestNG-PoolService-1] WarriorsHomePage - Iterating through each product within each page....
[INFO ] 2024-10-06 13:28:07.556 [TestNG-PoolService-1] WarriorsHomePage - Iterating through each product within each page....
[INFO ] 2024-10-06 13:28:07.577 [TestNG-PoolService-1] WarriorsHomePage - Iterating through each product within each page....
[INFO ] 2024-10-06 13:28:07.594 [TestNG-PoolService-1] WarriorsHomePage - Iterating through each product within each page....
[INFO ] 2024-10-06 13:28:07.608 [TestNG-PoolService-1] WarriorsHomePage - Iterating through each product within each page....
[INFO ] 2024-10-06 13:28:07.623 [TestNG-PoolService-1] WarriorsHomePage - Iterating through each product within each page....
[INFO ] 2024-10-06 13:28:07.646 [TestNG-PoolService-1] WarriorsHomePage - Iterating through each product within each page....
[INFO ] 2024-10-06 13:28:07.652 [TestNG-PoolService-1] WarriorsHomePage - Iterating through each product within each page....
[INFO ] 2024-10-06 13:28:07.664 [TestNG-PoolService-1] WarriorsHomePage - Iterating through each product within each page....
[INFO ] 2024-10-06 13:28:07.666 [TestNG-PoolService-1] WarriorsHomePage - Iterating through each product within each page....
[INFO ] 2024-10-06 13:28:07.682 [TestNG-PoolService-1] WarriorsHomePage - Iterating through each product within each page....
[INFO ] 2024-10-06 13:28:07.696 [TestNG-PoolService-1] WarriorsHomePage - Iterating through each product within each page....
[INFO ] 2024-10-06 13:28:07.706 [TestNG-PoolService-1] WarriorsHomePage - Iterating through each product within each page....
[INFO ] 2024-10-06 13:28:07.715 [TestNG-PoolService-1] WarriorsHomePage - Iterating through each product within each page....
[INFO ] 2024-10-06 13:28:07.739 [TestNG-PoolService-1] WarriorsHomePage - Iterating through each product within each page....
[INFO ] 2024-10-06 13:28:07.754 [TestNG-PoolService-1] WarriorsHomePage - Iterating through each product within each page....
[INFO ] 2024-10-06 13:28:07.761 [TestNG-PoolService-1] WarriorsHomePage - Iterating through each product within each page....
[INFO ] 2024-10-06 13:28:07.776 [TestNG-PoolService-1] WarriorsHomePage - Iterating through each product within each page....
[INFO ] 2024-10-06 13:28:07.776 [TestNG-PoolService-1] WarriorsHomePage - Iterating through each product within each page....
[INFO ] 2024-10-06 13:28:07.792 [TestNG-PoolService-1] WarriorsHomePage - Iterating through each product within each page....
[INFO ] 2024-10-06 13:28:07.810 [TestNG-PoolService-1] WarriorsHomePage - Iterating through each product within each page....
[INFO ] 2024-10-06 13:28:07.823 [TestNG-PoolService-1] WarriorsHomePage - Iterating through each product within each page....
[INFO ] 2024-10-06 13:28:07.839 [TestNG-PoolService-1] WarriorsHomePage - Iterating through each product within each page....
[INFO ] 2024-10-06 13:28:07.846 [TestNG-PoolService-1] WarriorsHomePage - Iterating through each product within each page....
[INFO ] 2024-10-06 13:28:07.863 [TestNG-PoolService-1] WarriorsHomePage - Iterating through each product within each page....
[INFO ] 2024-10-06 13:28:07.887 [TestNG-PoolService-1] WarriorsHomePage - Iterating through each product within each page....
[INFO ] 2024-10-06 13:28:07.887 [TestNG-PoolService-1] WarriorsHomePage - Iterating through each product within each page....
[INFO ] 2024-10-06 13:28:07.908 [TestNG-PoolService-1] WarriorsHomePage - Iterating through each product within each page....
[INFO ] 2024-10-06 13:28:07.921 [TestNG-PoolService-1] WarriorsHomePage - Iterating through each product within each page....
[INFO ] 2024-10-06 13:28:07.921 [TestNG-PoolService-1] WarriorsHomePage - Iterating through each product within each page....
[INFO ] 2024-10-06 13:28:07.936 [TestNG-PoolService-1] WarriorsHomePage - Iterating through each product within each page....
[INFO ] 2024-10-06 13:28:07.936 [TestNG-PoolService-1] WarriorsHomePage - Iterating through each product within each page....
[INFO ] 2024-10-06 13:28:07.957 [TestNG-PoolService-1] WarriorsHomePage - Iterating through each product within each page....
[INFO ] 2024-10-06 13:28:07.966 [TestNG-PoolService-1] WarriorsHomePage - Iterating through each product within each page....
[INFO ] 2024-10-06 13:28:07.970 [TestNG-PoolService-1] WarriorsHomePage - Iterating through each product within each page....
[INFO ] 2024-10-06 13:28:07.985 [TestNG-PoolService-1] WarriorsHomePage - Iterating through each product within each page....
[INFO ] 2024-10-06 13:28:08.008 [TestNG-PoolService-1] WarriorsHomePage - Iterating through each product within each page....
[INFO ] 2024-10-06 13:28:08.019 [TestNG-PoolService-1] WarriorsHomePage - Iterating through each product within each page....
[INFO ] 2024-10-06 13:28:08.030 [TestNG-PoolService-1] WarriorsHomePage - Iterating through each product within each page....
[INFO ] 2024-10-06 13:28:08.051 [TestNG-PoolService-1] WarriorsHomePage - Iterating through each product within each page....
[INFO ] 2024-10-06 13:28:08.062 [TestNG-PoolService-1] WarriorsHomePage - Iterating through each product within each page....
[INFO ] 2024-10-06 13:28:08.077 [TestNG-PoolService-1] WarriorsHomePage - Iterating through each product within each page....
[INFO ] 2024-10-06 13:28:08.085 [TestNG-PoolService-1] WarriorsHomePage - Iterating through each product within each page....
[INFO ] 2024-10-06 13:28:08.102 [TestNG-PoolService-1] WarriorsHomePage - Iterating through each product within each page....
[INFO ] 2024-10-06 13:28:08.116 [TestNG-PoolService-1] WarriorsHomePage - Iterating through each product within each page....
[INFO ] 2024-10-06 13:28:08.116 [TestNG-PoolService-1] WarriorsHomePage - Iterating through each product within each page....
[INFO ] 2024-10-06 13:28:08.132 [TestNG-PoolService-1] WarriorsHomePage - Iterating through each product within each page....
[INFO ] 2024-10-06 13:28:08.142 [TestNG-PoolService-1] WarriorsHomePage - Iterating through each product within each page....
[INFO ] 2024-10-06 13:28:08.148 [TestNG-PoolService-1] WarriorsHomePage - Iterating through each product within each page....
[INFO ] 2024-10-06 13:28:08.168 [TestNG-PoolService-1] WarriorsHomePage - Iterating through each product within each page....
[INFO ] 2024-10-06 13:28:08.179 [TestNG-PoolService-1] WarriorsHomePage - Iterating through each product within each page....
[INFO ] 2024-10-06 13:28:08.196 [TestNG-PoolService-1] WarriorsHomePage - Iterating through each product within each page....
[INFO ] 2024-10-06 13:28:08.209 [TestNG-PoolService-1] WarriorsHomePage - Iterating through each product within each page....
[INFO ] 2024-10-06 13:28:08.211 [TestNG-PoolService-1] WarriorsHomePage - Iterating through each product within each page....
[INFO ] 2024-10-06 13:28:08.227 [TestNG-PoolService-1] WarriorsHomePage - Iterating through each product within each page....
[INFO ] 2024-10-06 13:28:08.243 [TestNG-PoolService-1] WarriorsHomePage - Iterating through each product within each page....
[INFO ] 2024-10-06 13:28:08.243 [TestNG-PoolService-1] WarriorsHomePage - Iterating through each product within each page....
[INFO ] 2024-10-06 13:28:08.259 [TestNG-PoolService-1] WarriorsHomePage - Iterating through each product within each page....
[INFO ] 2024-10-06 13:28:08.259 [TestNG-PoolService-1] WarriorsHomePage - Iterating through each product within each page....
[INFO ] 2024-10-06 13:28:08.277 [TestNG-PoolService-1] WarriorsHomePage - Iterating through each product within each page....
[INFO ] 2024-10-06 13:28:08.305 [TestNG-PoolService-1] WarriorsHomePage - Iterating through each product within each page....
[INFO ] 2024-10-06 13:28:08.312 [TestNG-PoolService-1] WarriorsHomePage - Iterating through each product within each page....
[INFO ] 2024-10-06 13:28:08.323 [TestNG-PoolService-1] WarriorsHomePage - Iterating through each page....
[INFO ] 2024-10-06 13:28:10.544 [TestNG-PoolService-1] WarriorsHomePage - Iterating through each product within each page....
[INFO ] 2024-10-06 13:28:10.551 [TestNG-PoolService-1] WarriorsHomePage - Iterating through each product within each page....
[INFO ] 2024-10-06 13:28:10.561 [TestNG-PoolService-1] WarriorsHomePage - Iterating through each product within each page....
[INFO ] 2024-10-06 13:28:10.582 [TestNG-PoolService-1] WarriorsHomePage - Iterating through each product within each page....
[INFO ] 2024-10-06 13:28:10.585 [TestNG-PoolService-1] WarriorsHomePage - Iterating through each product within each page....
[INFO ] 2024-10-06 13:28:10.593 [TestNG-PoolService-1] WarriorsHomePage - Iterating through each product within each page....
[INFO ] 2024-10-06 13:28:10.616 [TestNG-PoolService-1] WarriorsHomePage - Iterating through each product within each page....
[INFO ] 2024-10-06 13:28:10.624 [TestNG-PoolService-1] WarriorsHomePage - Iterating through each product within each page....
[INFO ] 2024-10-06 13:28:10.640 [TestNG-PoolService-1] WarriorsHomePage - Iterating through each product within each page....
[INFO ] 2024-10-06 13:28:10.656 [TestNG-PoolService-1] WarriorsHomePage - Iterating through each product within each page....
[INFO ] 2024-10-06 13:28:10.672 [TestNG-PoolService-1] WarriorsHomePage - Iterating through each product within each page....
[INFO ] 2024-10-06 13:28:10.688 [TestNG-PoolService-1] WarriorsHomePage - Iterating through each product within each page....
[INFO ] 2024-10-06 13:28:10.704 [TestNG-PoolService-1] WarriorsHomePage - Iterating through each product within each page....
[INFO ] 2024-10-06 13:28:10.720 [TestNG-PoolService-1] WarriorsHomePage - Iterating through each product within each page....
[INFO ] 2024-10-06 13:28:10.742 [TestNG-PoolService-1] WarriorsHomePage - Iterating through each product within each page....
[INFO ] 2024-10-06 13:28:10.763 [TestNG-PoolService-1] WarriorsHomePage - Iterating through each product within each page....
[INFO ] 2024-10-06 13:28:10.767 [TestNG-PoolService-1] WarriorsHomePage - Iterating through each product within each page....
[INFO ] 2024-10-06 13:28:10.784 [TestNG-PoolService-1] WarriorsHomePage - Iterating through each product within each page....
[INFO ] 2024-10-06 13:28:10.790 [TestNG-PoolService-1] WarriorsHomePage - Iterating through each product within each page....
[INFO ] 2024-10-06 13:28:10.798 [TestNG-PoolService-1] WarriorsHomePage - Iterating through each product within each page....
[INFO ] 2024-10-06 13:28:10.814 [TestNG-PoolService-1] WarriorsHomePage - Iterating through each product within each page....
[INFO ] 2024-10-06 13:28:10.814 [TestNG-PoolService-1] WarriorsHomePage - Iterating through each product within each page....
[INFO ] 2024-10-06 13:28:10.835 [TestNG-PoolService-1] WarriorsHomePage - Iterating through each product within each page....
[INFO ] 2024-10-06 13:28:10.848 [TestNG-PoolService-1] WarriorsHomePage - Iterating through each product within each page....
[INFO ] 2024-10-06 13:28:10.848 [TestNG-PoolService-1] WarriorsHomePage - Iterating through each product within each page....
[INFO ] 2024-10-06 13:28:10.862 [TestNG-PoolService-1] WarriorsHomePage - Iterating through each product within each page....
[INFO ] 2024-10-06 13:28:10.879 [TestNG-PoolService-1] WarriorsHomePage - Iterating through each product within each page....
[INFO ] 2024-10-06 13:28:10.896 [TestNG-PoolService-1] WarriorsHomePage - Iterating through each product within each page....
[INFO ] 2024-10-06 13:28:10.899 [TestNG-PoolService-1] WarriorsHomePage - Iterating through each product within each page....
[INFO ] 2024-10-06 13:28:10.914 [TestNG-PoolService-1] WarriorsHomePage - Iterating through each product within each page....
[INFO ] 2024-10-06 13:28:10.924 [TestNG-PoolService-1] WarriorsHomePage - Iterating through each product within each page....
[INFO ] 2024-10-06 13:28:10.931 [TestNG-PoolService-1] WarriorsHomePage - Iterating through each product within each page....
[INFO ] 2024-10-06 13:28:10.942 [TestNG-PoolService-1] WarriorsHomePage - Iterating through each product within each page....
[INFO ] 2024-10-06 13:28:10.958 [TestNG-PoolService-1] WarriorsHomePage - Iterating through each product within each page....
[INFO ] 2024-10-06 13:28:10.963 [TestNG-PoolService-1] WarriorsHomePage - Iterating through each product within each page....
[INFO ] 2024-10-06 13:28:10.973 [TestNG-PoolService-1] WarriorsHomePage - Iterating through each product within each page....
[INFO ] 2024-10-06 13:28:10.988 [TestNG-PoolService-1] WarriorsHomePage - Iterating through each product within each page....
[INFO ] 2024-10-06 13:28:10.994 [TestNG-PoolService-1] WarriorsHomePage - Iterating through each product within each page....
[INFO ] 2024-10-06 13:28:11.006 [TestNG-PoolService-1] WarriorsHomePage - Iterating through each product within each page....
[INFO ] 2024-10-06 13:28:11.026 [TestNG-PoolService-1] WarriorsHomePage - Iterating through each product within each page....
[INFO ] 2024-10-06 13:28:11.053 [TestNG-PoolService-1] WarriorsHomePage - Iterating through each product within each page....
[INFO ] 2024-10-06 13:28:11.067 [TestNG-PoolService-1] WarriorsHomePage - Iterating through each product within each page....
[INFO ] 2024-10-06 13:28:11.083 [TestNG-PoolService-1] WarriorsHomePage - Iterating through each product within each page....
[INFO ] 2024-10-06 13:28:11.115 [TestNG-PoolService-1] WarriorsHomePage - Iterating through each product within each page....
[INFO ] 2024-10-06 13:28:11.146 [TestNG-PoolService-1] WarriorsHomePage - Iterating through each product within each page....
[INFO ] 2024-10-06 13:28:11.165 [TestNG-PoolService-1] WarriorsHomePage - Iterating through each product within each page....
[INFO ] 2024-10-06 13:28:11.170 [TestNG-PoolService-1] WarriorsHomePage - Iterating through each product within each page....
[INFO ] 2024-10-06 13:28:11.178 [TestNG-PoolService-1] WarriorsHomePage - Iterating through each product within each page....
[INFO ] 2024-10-06 13:28:11.178 [TestNG-PoolService-1] WarriorsHomePage - Iterating through each product within each page....
[INFO ] 2024-10-06 13:28:11.198 [TestNG-PoolService-1] WarriorsHomePage - Iterating through each product within each page....
[INFO ] 2024-10-06 13:28:11.209 [TestNG-PoolService-1] WarriorsHomePage - Iterating through each product within each page....
[INFO ] 2024-10-06 13:28:11.214 [TestNG-PoolService-1] WarriorsHomePage - Iterating through each product within each page....
[INFO ] 2024-10-06 13:28:11.227 [TestNG-PoolService-1] WarriorsHomePage - Iterating through each product within each page....
[INFO ] 2024-10-06 13:28:11.227 [TestNG-PoolService-1] WarriorsHomePage - Iterating through each product within each page....
[INFO ] 2024-10-06 13:28:11.241 [TestNG-PoolService-1] WarriorsHomePage - Iterating through each product within each page....
[INFO ] 2024-10-06 13:28:11.241 [TestNG-PoolService-1] WarriorsHomePage - Iterating through each product within each page....
[INFO ] 2024-10-06 13:28:11.257 [TestNG-PoolService-1] WarriorsHomePage - Iterating through each product within each page....
[INFO ] 2024-10-06 13:28:11.264 [TestNG-PoolService-1] WarriorsHomePage - Iterating through each product within each page....
[INFO ] 2024-10-06 13:28:11.275 [TestNG-PoolService-1] WarriorsHomePage - Iterating through each product within each page....
[INFO ] 2024-10-06 13:28:11.291 [TestNG-PoolService-1] WarriorsHomePage - Iterating through each product within each page....
[INFO ] 2024-10-06 13:28:11.291 [TestNG-PoolService-1] WarriorsHomePage - Iterating through each product within each page....
[INFO ] 2024-10-06 13:28:11.309 [TestNG-PoolService-1] WarriorsHomePage - Iterating through each product within each page....
[INFO ] 2024-10-06 13:28:11.320 [TestNG-PoolService-1] WarriorsHomePage - Iterating through each product within each page....
[INFO ] 2024-10-06 13:28:11.322 [TestNG-PoolService-1] WarriorsHomePage - Iterating through each product within each page....
[INFO ] 2024-10-06 13:28:11.338 [TestNG-PoolService-1] WarriorsHomePage - Iterating through each product within each page....
[INFO ] 2024-10-06 13:28:11.347 [TestNG-PoolService-1] WarriorsHomePage - Iterating through each product within each page....
[INFO ] 2024-10-06 13:28:11.352 [TestNG-PoolService-1] WarriorsHomePage - Iterating through each product within each page....
[INFO ] 2024-10-06 13:28:11.359 [TestNG-PoolService-1] WarriorsHomePage - Iterating through each product within each page....
[INFO ] 2024-10-06 13:28:11.370 [TestNG-PoolService-1] WarriorsHomePage - Iterating through each product within each page....
[INFO ] 2024-10-06 13:28:11.389 [TestNG-PoolService-1] WarriorsHomePage - Iterating through each product within each page....
[INFO ] 2024-10-06 13:28:11.402 [TestNG-PoolService-1] WarriorsHomePage - Iterating through each product within each page....
[INFO ] 2024-10-06 13:28:11.406 [TestNG-PoolService-1] WarriorsHomePage - Iterating through each product within each page....
[INFO ] 2024-10-06 13:28:11.417 [TestNG-PoolService-1] WarriorsHomePage - Iterating through each page....
[INFO ] 2024-10-06 13:28:12.863 [TestNG-PoolService-1] WarriorsHomePage - Iterating through each product within each page....
[INFO ] 2024-10-06 13:28:12.869 [TestNG-PoolService-1] WarriorsHomePage - Iterating through each product within each page....
[INFO ] 2024-10-06 13:28:12.878 [TestNG-PoolService-1] WarriorsHomePage - Iterating through each product within each page....
[INFO ] 2024-10-06 13:28:12.878 [TestNG-PoolService-1] WarriorsHomePage - Iterating through each product within each page....
[INFO ] 2024-10-06 13:28:12.878 [TestNG-PoolService-1] WarriorsHomePage - Iterating through each product within each page....
[INFO ] 2024-10-06 13:28:12.894 [TestNG-PoolService-1] WarriorsHomePage - Iterating through each product within each page....
[INFO ] 2024-10-06 13:28:12.894 [TestNG-PoolService-1] WarriorsHomePage - Iterating through each product within each page....
[INFO ] 2024-10-06 13:28:12.909 [TestNG-PoolService-1] WarriorsHomePage - Iterating through each product within each page....
[INFO ] 2024-10-06 13:28:12.909 [TestNG-PoolService-1] WarriorsHomePage - Iterating through each product within each page....
[INFO ] 2024-10-06 13:28:12.917 [TestNG-PoolService-1] WarriorsHomePage - Iterating through each product within each page....
[INFO ] 2024-10-06 13:28:12.931 [TestNG-PoolService-1] WarriorsHomePage - Iterating through each product within each page....
[INFO ] 2024-10-06 13:28:12.932 [TestNG-PoolService-1] WarriorsHomePage - Iterating through each product within each page....
[INFO ] 2024-10-06 13:28:12.941 [TestNG-PoolService-1] WarriorsHomePage - Iterating through each product within each page....
[INFO ] 2024-10-06 13:28:12.947 [TestNG-PoolService-1] WarriorsHomePage - Iterating through each product within each page....
[INFO ] 2024-10-06 13:28:12.947 [TestNG-PoolService-1] WarriorsHomePage - Iterating through each product within each page....
[INFO ] 2024-10-06 13:28:12.959 [TestNG-PoolService-1] WarriorsHomePage - Iterating through each product within each page....
[INFO ] 2024-10-06 13:28:12.959 [TestNG-PoolService-1] WarriorsHomePage - Iterating through each product within each page....
[INFO ] 2024-10-06 13:28:12.972 [TestNG-PoolService-1] WarriorsHomePage - Iterating through each product within each page....
[INFO ] 2024-10-06 13:28:12.972 [TestNG-PoolService-1] WarriorsHomePage - Iterating through each product within each page....
[INFO ] 2024-10-06 13:28:12.972 [TestNG-PoolService-1] WarriorsHomePage - Iterating through each product within each page....
[INFO ] 2024-10-06 13:28:12.988 [TestNG-PoolService-1] WarriorsHomePage - Iterating through each product within each page....
[INFO ] 2024-10-06 13:28:12.994 [TestNG-PoolService-1] WarriorsHomePage - Iterating through each product within each page....
[INFO ] 2024-10-06 13:28:12.994 [TestNG-PoolService-1] WarriorsHomePage - Iterating through each product within each page....
[INFO ] 2024-10-06 13:28:13.005 [TestNG-PoolService-1] WarriorsHomePage - Iterating through each product within each page....
[INFO ] 2024-10-06 13:28:13.010 [TestNG-PoolService-1] WarriorsHomePage - Iterating through each product within each page....
[INFO ] 2024-10-06 13:28:13.020 [TestNG-PoolService-1] WarriorsHomePage - Iterating through each product within each page....
[INFO ] 2024-10-06 13:28:13.032 [TestNG-PoolService-1] WarriorsHomePage - Iterating through each product within each page....
[INFO ] 2024-10-06 13:28:13.038 [TestNG-PoolService-1] WarriorsHomePage - Iterating through each product within each page....
[INFO ] 2024-10-06 13:28:13.041 [TestNG-PoolService-1] WarriorsHomePage - Iterating through each product within each page....
[INFO ] 2024-10-06 13:28:13.048 [TestNG-PoolService-1] WarriorsHomePage - Iterating through each product within each page....
[INFO ] 2024-10-06 13:28:13.052 [TestNG-PoolService-1] WarriorsHomePage - Iterating through each product within each page....
[INFO ] 2024-10-06 13:28:13.059 [TestNG-PoolService-1] WarriorsHomePage - Iterating through each product within each page....
[INFO ] 2024-10-06 13:28:13.068 [TestNG-PoolService-1] WarriorsHomePage - Iterating through each product within each page....
[INFO ] 2024-10-06 13:28:13.070 [TestNG-PoolService-1] WarriorsHomePage - Iterating through each product within each page....
[INFO ] 2024-10-06 13:28:13.075 [TestNG-PoolService-1] WarriorsHomePage - Iterating through each product within each page....
[INFO ] 2024-10-06 13:28:13.085 [TestNG-PoolService-1] WarriorsHomePage - Iterating through each product within each page....
[INFO ] 2024-10-06 13:28:13.087 [TestNG-PoolService-1] WarriorsHomePage - Iterating through each product within each page....
[INFO ] 2024-10-06 13:28:13.094 [TestNG-PoolService-1] WarriorsHomePage - Iterating through each product within each page....
[INFO ] 2024-10-06 13:28:13.103 [TestNG-PoolService-1] WarriorsHomePage - Iterating through each product within each page....
[INFO ] 2024-10-06 13:28:13.106 [TestNG-PoolService-1] WarriorsHomePage - Iterating through each product within each page....
[INFO ] 2024-10-06 13:28:13.113 [TestNG-PoolService-1] WarriorsHomePage - Iterating through each product within each page....
[INFO ] 2024-10-06 13:28:13.118 [TestNG-PoolService-1] WarriorsHomePage - Iterating through each product within each page....
[INFO ] 2024-10-06 13:28:13.130 [TestNG-PoolService-1] WarriorsHomePage - Iterating through each product within each page....
[INFO ] 2024-10-06 13:28:13.132 [TestNG-PoolService-1] WarriorsHomePage - Iterating through each product within each page....
[INFO ] 2024-10-06 13:28:13.132 [TestNG-PoolService-1] WarriorsHomePage - Iterating through each product within each page....
[INFO ] 2024-10-06 13:28:13.150 [TestNG-PoolService-1] WarriorsHomePage - Iterating through each product within each page....
[INFO ] 2024-10-06 13:28:13.150 [TestNG-PoolService-1] WarriorsHomePage - Iterating through each product within each page....
[INFO ] 2024-10-06 13:28:13.164 [TestNG-PoolService-1] WarriorsHomePage - Iterating through each product within each page....
[INFO ] 2024-10-06 13:28:13.164 [TestNG-PoolService-1] WarriorsHomePage - Iterating through each product within each page....
[INFO ] 2024-10-06 13:28:13.180 [TestNG-PoolService-1] WarriorsHomePage - Iterating through each product within each page....
[INFO ] 2024-10-06 13:28:13.180 [TestNG-PoolService-1] WarriorsHomePage - Iterating through each product within each page....
[INFO ] 2024-10-06 13:28:13.190 [TestNG-PoolService-1] WarriorsHomePage - Iterating through each product within each page....
[INFO ] 2024-10-06 13:28:13.196 [TestNG-PoolService-1] WarriorsHomePage - Iterating through each product within each page....
[INFO ] 2024-10-06 13:28:13.196 [TestNG-PoolService-1] WarriorsHomePage - Iterating through each product within each page....
[INFO ] 2024-10-06 13:28:13.212 [TestNG-PoolService-1] WarriorsHomePage - Iterating through each product within each page....
[INFO ] 2024-10-06 13:28:13.217 [TestNG-PoolService-1] WarriorsHomePage - Iterating through each product within each page....
[INFO ] 2024-10-06 13:28:13.217 [TestNG-PoolService-1] WarriorsHomePage - Iterating through each product within each page....
[INFO ] 2024-10-06 13:28:13.229 [TestNG-PoolService-1] WarriorsHomePage - Iterating through each product within each page....
[INFO ] 2024-10-06 13:28:13.241 [TestNG-PoolService-1] WarriorsHomePage - Iterating through each product within each page....
[INFO ] 2024-10-06 13:28:13.244 [TestNG-PoolService-1] WarriorsHomePage - Iterating through each product within each page....
[INFO ] 2024-10-06 13:28:13.244 [TestNG-PoolService-1] WarriorsHomePage - Iterating through each product within each page....
[INFO ] 2024-10-06 13:28:13.259 [TestNG-PoolService-1] WarriorsHomePage - Iterating through each product within each page....
[INFO ] 2024-10-06 13:28:13.262 [TestNG-PoolService-1] WarriorsHomePage - Iterating through each product within each page....
[INFO ] 2024-10-06 13:28:13.268 [TestNG-PoolService-1] WarriorsHomePage - Iterating through each product within each page....
[INFO ] 2024-10-06 13:28:13.277 [TestNG-PoolService-1] WarriorsHomePage - Iterating through each product within each page....
[INFO ] 2024-10-06 13:28:13.282 [TestNG-PoolService-1] WarriorsHomePage - Iterating through each product within each page....
[INFO ] 2024-10-06 13:28:13.287 [TestNG-PoolService-1] WarriorsHomePage - Iterating through each product within each page....
[INFO ] 2024-10-06 13:28:13.291 [TestNG-PoolService-1] WarriorsHomePage - Iterating through each product within each page....
[INFO ] 2024-10-06 13:28:13.301 [TestNG-PoolService-1] WarriorsHomePage - Iterating through each product within each page....
[INFO ] 2024-10-06 13:28:13.308 [TestNG-PoolService-1] WarriorsHomePage - Iterating through each product within each page....
[INFO ] 2024-10-06 13:28:13.311 [TestNG-PoolService-1] WarriorsHomePage - Iterating through each product within each page....
[INFO ] 2024-10-06 13:28:13.322 [TestNG-PoolService-1] WarriorsHomePage - Iterating through each product within each page....
[INFO ] 2024-10-06 13:28:13.326 [TestNG-PoolService-1] WarriorsHomePage - Iterating through each page....
[INFO ] 2024-10-06 13:28:14.579 [TestNG-PoolService-1] WarriorsHomePage - Iterating through each product within each page....
[INFO ] 2024-10-06 13:28:14.579 [TestNG-PoolService-1] WarriorsHomePage - Iterating through each product within each page....
[INFO ] 2024-10-06 13:28:14.595 [TestNG-PoolService-1] WarriorsHomePage - Iterating through each product within each page....
[INFO ] 2024-10-06 13:28:14.595 [TestNG-PoolService-1] WarriorsHomePage - Iterating through each product within each page....
[INFO ] 2024-10-06 13:28:14.595 [TestNG-PoolService-1] WarriorsHomePage - Iterating through each product within each page....
[INFO ] 2024-10-06 13:28:14.611 [TestNG-PoolService-1] WarriorsHomePage - Iterating through each product within each page....
[INFO ] 2024-10-06 13:28:14.617 [TestNG-PoolService-1] WarriorsHomePage - Iterating through each product within each page....
[INFO ] 2024-10-06 13:28:14.617 [TestNG-PoolService-1] WarriorsHomePage - Iterating through each product within each page....
[INFO ] 2024-10-06 13:28:14.627 [TestNG-PoolService-1] WarriorsHomePage - Iterating through each product within each page....
[INFO ] 2024-10-06 13:28:14.627 [TestNG-PoolService-1] WarriorsHomePage - Iterating through each product within each page....
[INFO ] 2024-10-06 13:28:14.627 [TestNG-PoolService-1] WarriorsHomePage - Iterating through each product within each page....
[INFO ] 2024-10-06 13:28:14.646 [TestNG-PoolService-1] WarriorsHomePage - Iterating through each product within each page....
[INFO ] 2024-10-06 13:28:14.646 [TestNG-PoolService-1] WarriorsHomePage - Iterating through each product within each page....
[INFO ] 2024-10-06 13:28:14.646 [TestNG-PoolService-1] WarriorsHomePage - Iterating through each product within each page....
[INFO ] 2024-10-06 13:28:14.660 [TestNG-PoolService-1] WarriorsHomePage - Iterating through each product within each page....
[INFO ] 2024-10-06 13:28:14.660 [TestNG-PoolService-1] WarriorsHomePage - Iterating through each product within each page....
[INFO ] 2024-10-06 13:28:14.660 [TestNG-PoolService-1] WarriorsHomePage - Iterating through each product within each page....
[INFO ] 2024-10-06 13:28:14.676 [TestNG-PoolService-1] WarriorsHomePage - Iterating through each product within each page....
[INFO ] 2024-10-06 13:28:14.676 [TestNG-PoolService-1] WarriorsHomePage - Iterating through each product within each page....
[INFO ] 2024-10-06 13:28:14.676 [TestNG-PoolService-1] WarriorsHomePage - Iterating through each product within each page....
[INFO ] 2024-10-06 13:28:14.692 [TestNG-PoolService-1] WarriorsHomePage - Iterating through each product within each page....
[INFO ] 2024-10-06 13:28:14.696 [TestNG-PoolService-1] WarriorsHomePage - Iterating through each product within each page....
[INFO ] 2024-10-06 13:28:14.706 [TestNG-PoolService-1] WarriorsHomePage - Iterating through each product within each page....
[INFO ] 2024-10-06 13:28:14.706 [TestNG-PoolService-1] WarriorsHomePage - Iterating through each product within each page....
[INFO ] 2024-10-06 13:28:14.706 [TestNG-PoolService-1] WarriorsHomePage - Iterating through each product within each page....
[INFO ] 2024-10-06 13:28:14.706 [TestNG-PoolService-1] WarriorsHomePage - Iterating through each product within each page....
[INFO ] 2024-10-06 13:28:14.724 [TestNG-PoolService-1] WarriorsHomePage - Iterating through each product within each page....
[INFO ] 2024-10-06 13:28:14.724 [TestNG-PoolService-1] WarriorsHomePage - Iterating through each product within each page....
[INFO ] 2024-10-06 13:28:14.724 [TestNG-PoolService-1] WarriorsHomePage - Iterating through each product within each page....
[INFO ] 2024-10-06 13:28:14.738 [TestNG-PoolService-1] WarriorsHomePage - Iterating through each product within each page....
[INFO ] 2024-10-06 13:28:14.738 [TestNG-PoolService-1] WarriorsHomePage - Iterating through each product within each page....
[INFO ] 2024-10-06 13:28:14.738 [TestNG-PoolService-1] WarriorsHomePage - Iterating through each product within each page....
[INFO ] 2024-10-06 13:28:14.754 [TestNG-PoolService-1] WarriorsHomePage - Iterating through each product within each page....
[INFO ] 2024-10-06 13:28:14.754 [TestNG-PoolService-1] WarriorsHomePage - Iterating through each product within each page....
[INFO ] 2024-10-06 13:28:14.770 [TestNG-PoolService-1] WarriorsHomePage - Iterating through each product within each page....
[INFO ] 2024-10-06 13:28:14.770 [TestNG-PoolService-1] WarriorsHomePage - Iterating through each product within each page....
[INFO ] 2024-10-06 13:28:14.770 [TestNG-PoolService-1] WarriorsHomePage - Iterating through each product within each page....
[INFO ] 2024-10-06 13:28:14.785 [TestNG-PoolService-1] WarriorsHomePage - Iterating through each product within each page....
[INFO ] 2024-10-06 13:28:14.785 [TestNG-PoolService-1] WarriorsHomePage - Iterating through each product within each page....
[INFO ] 2024-10-06 13:28:14.799 [TestNG-PoolService-1] WarriorsHomePage - Iterating through each product within each page....
[INFO ] 2024-10-06 13:28:14.801 [TestNG-PoolService-1] WarriorsHomePage - Iterating through each product within each page....
[INFO ] 2024-10-06 13:28:14.801 [TestNG-PoolService-1] WarriorsHomePage - Iterating through each product within each page....
[INFO ] 2024-10-06 13:28:14.816 [TestNG-PoolService-1] WarriorsHomePage - Iterating through each product within each page....
[INFO ] 2024-10-06 13:28:14.816 [TestNG-PoolService-1] WarriorsHomePage - Iterating through each product within each page....
[INFO ] 2024-10-06 13:28:14.816 [TestNG-PoolService-1] WarriorsHomePage - Iterating through each product within each page....
[INFO ] 2024-10-06 13:28:14.832 [TestNG-PoolService-1] WarriorsHomePage - Iterating through each product within each page....
[INFO ] 2024-10-06 13:28:14.832 [TestNG-PoolService-1] WarriorsHomePage - Iterating through each product within each page....
[INFO ] 2024-10-06 13:28:14.832 [TestNG-PoolService-1] WarriorsHomePage - Iterating through each product within each page....
[INFO ] 2024-10-06 13:28:14.832 [TestNG-PoolService-1] WarriorsHomePage - Iterating through each product within each page....
[INFO ] 2024-10-06 13:28:14.849 [TestNG-PoolService-1] WarriorsHomePage - Iterating through each product within each page....
[INFO ] 2024-10-06 13:28:14.849 [TestNG-PoolService-1] WarriorsHomePage - Iterating through each product within each page....
[INFO ] 2024-10-06 13:28:14.849 [TestNG-PoolService-1] WarriorsHomePage - Iterating through each product within each page....
[INFO ] 2024-10-06 13:28:14.866 [TestNG-PoolService-1] WarriorsHomePage - Iterating through each product within each page....
[INFO ] 2024-10-06 13:28:14.866 [TestNG-PoolService-1] WarriorsHomePage - Iterating through each product within each page....
[INFO ] 2024-10-06 13:28:14.866 [TestNG-PoolService-1] WarriorsHomePage - Iterating through each product within each page....
[INFO ] 2024-10-06 13:28:14.879 [TestNG-PoolService-1] WarriorsHomePage - Iterating through each product within each page....
[INFO ] 2024-10-06 13:28:14.879 [TestNG-PoolService-1] WarriorsHomePage - Iterating through each product within each page....
[INFO ] 2024-10-06 13:28:14.879 [TestNG-PoolService-1] WarriorsHomePage - Iterating through each product within each page....
[INFO ] 2024-10-06 13:28:14.900 [TestNG-PoolService-1] WarriorsHomePage - Iterating through each product within each page....
[INFO ] 2024-10-06 13:28:14.905 [TestNG-PoolService-1] WarriorsHomePage - Iterating through each product within each page....
[INFO ] 2024-10-06 13:28:14.911 [TestNG-PoolService-1] WarriorsHomePage - Iterating through each product within each page....
[INFO ] 2024-10-06 13:28:14.911 [TestNG-PoolService-1] WarriorsHomePage - Iterating through each product within each page....
[INFO ] 2024-10-06 13:28:14.911 [TestNG-PoolService-1] WarriorsHomePage - Iterating through each product within each page....
[INFO ] 2024-10-06 13:28:14.927 [TestNG-PoolService-1] WarriorsHomePage - Iterating through each product within each page....
[INFO ] 2024-10-06 13:28:14.927 [TestNG-PoolService-1] WarriorsHomePage - Iterating through each product within each page....
[INFO ] 2024-10-06 13:28:14.927 [TestNG-PoolService-1] WarriorsHomePage - Iterating through each product within each page....
[INFO ] 2024-10-06 13:28:14.944 [TestNG-PoolService-1] WarriorsHomePage - Iterating through each product within each page....
[INFO ] 2024-10-06 13:28:14.944 [TestNG-PoolService-1] WarriorsHomePage - Iterating through each product within each page....
[INFO ] 2024-10-06 13:28:14.944 [TestNG-PoolService-1] WarriorsHomePage - Iterating through each product within each page....
[INFO ] 2024-10-06 13:28:14.960 [TestNG-PoolService-1] WarriorsHomePage - Iterating through each product within each page....
[INFO ] 2024-10-06 13:28:14.960 [TestNG-PoolService-1] WarriorsHomePage - Iterating through each product within each page....
[INFO ] 2024-10-06 13:28:14.974 [TestNG-PoolService-1] WarriorsHomePage - Iterating through each product within each page....
[INFO ] 2024-10-06 13:28:14.976 [TestNG-PoolService-1] WarriorsHomePage - Iterating through each page....
[INFO ] 2024-10-06 13:28:16.700 [TestNG-PoolService-1] WarriorsHomePage - Iterating through each product within each page....
[INFO ] 2024-10-06 13:28:16.710 [TestNG-PoolService-1] WarriorsHomePage - Iterating through each product within each page....
[INFO ] 2024-10-06 13:28:16.715 [TestNG-PoolService-1] WarriorsHomePage - Iterating through each product within each page....
[INFO ] 2024-10-06 13:28:16.719 [TestNG-PoolService-1] WarriorsHomePage - Iterating through each product within each page....
[INFO ] 2024-10-06 13:28:16.728 [TestNG-PoolService-1] WarriorsHomePage - Iterating through each product within each page....
[INFO ] 2024-10-06 13:28:16.731 [TestNG-PoolService-1] WarriorsHomePage - Iterating through each product within each page....
[INFO ] 2024-10-06 13:28:16.731 [TestNG-PoolService-1] WarriorsHomePage - Iterating through each product within each page....
[INFO ] 2024-10-06 13:28:16.731 [TestNG-PoolService-1] WarriorsHomePage - Iterating through each product within each page....
[INFO ] 2024-10-06 13:28:16.747 [TestNG-PoolService-1] WarriorsHomePage - Iterating through each product within each page....
[INFO ] 2024-10-06 13:28:16.750 [TestNG-PoolService-1] WarriorsHomePage - Iterating through each product within each page....
[INFO ] 2024-10-06 13:28:16.750 [TestNG-PoolService-1] WarriorsHomePage - Iterating through each product within each page....
[INFO ] 2024-10-06 13:28:16.763 [TestNG-PoolService-1] WarriorsHomePage - Iterating through each product within each page....
[INFO ] 2024-10-06 13:28:16.770 [TestNG-PoolService-1] WarriorsHomePage - Iterating through each product within each page....
[INFO ] 2024-10-06 13:28:16.770 [TestNG-PoolService-1] WarriorsHomePage - Iterating through each product within each page....
[INFO ] 2024-10-06 13:28:16.779 [TestNG-PoolService-1] WarriorsHomePage - Iterating through each product within each page....
[INFO ] 2024-10-06 13:28:16.785 [TestNG-PoolService-1] WarriorsHomePage - Iterating through each product within each page....
[INFO ] 2024-10-06 13:28:16.785 [TestNG-PoolService-1] WarriorsHomePage - Iterating through each product within each page....
[INFO ] 2024-10-06 13:28:16.795 [TestNG-PoolService-1] WarriorsHomePage - Iterating through each product within each page....
[INFO ] 2024-10-06 13:28:16.795 [TestNG-PoolService-1] WarriorsHomePage - Iterating through each product within each page....
[INFO ] 2024-10-06 13:28:16.795 [TestNG-PoolService-1] WarriorsHomePage - Iterating through each product within each page....
[INFO ] 2024-10-06 13:28:16.806 [TestNG-PoolService-1] WarriorsHomePage - Iterating through each product within each page....
[INFO ] 2024-10-06 13:28:16.811 [TestNG-PoolService-1] WarriorsHomePage - Iterating through each product within each page....
[INFO ] 2024-10-06 13:28:16.817 [TestNG-PoolService-1] WarriorsHomePage - Iterating through each product within each page....
[INFO ] 2024-10-06 13:28:16.830 [TestNG-PoolService-1] WarriorsHomePage - Iterating through each product within each page....
[INFO ] 2024-10-06 13:28:16.834 [TestNG-PoolService-1] WarriorsHomePage - Iterating through each product within each page....
[INFO ] 2024-10-06 13:28:16.840 [TestNG-PoolService-1] WarriorsHomePage - Iterating through each product within each page....
[INFO ] 2024-10-06 13:28:16.845 [TestNG-PoolService-1] WarriorsHomePage - Iterating through each product within each page....
[INFO ] 2024-10-06 13:28:16.845 [TestNG-PoolService-1] WarriorsHomePage - Iterating through each product within each page....
[INFO ] 2024-10-06 13:28:16.861 [TestNG-PoolService-1] WarriorsHomePage - Iterating through each product within each page....
[INFO ] 2024-10-06 13:28:16.861 [TestNG-PoolService-1] WarriorsHomePage - Iterating through each product within each page....
[INFO ] 2024-10-06 13:28:16.861 [TestNG-PoolService-1] WarriorsHomePage - Iterating through each product within each page....
[INFO ] 2024-10-06 13:28:16.875 [TestNG-PoolService-1] WarriorsHomePage - Iterating through each product within each page....
[INFO ] 2024-10-06 13:28:16.875 [TestNG-PoolService-1] WarriorsHomePage - Iterating through each product within each page....
[INFO ] 2024-10-06 13:28:16.875 [TestNG-PoolService-1] WarriorsHomePage - Iterating through each product within each page....
[INFO ] 2024-10-06 13:28:16.892 [TestNG-PoolService-1] WarriorsHomePage - Iterating through each product within each page....
[INFO ] 2024-10-06 13:28:16.892 [TestNG-PoolService-1] WarriorsHomePage - Iterating through each product within each page....
[INFO ] 2024-10-06 13:28:16.892 [TestNG-PoolService-1] WarriorsHomePage - Iterating through each product within each page....
[INFO ] 2024-10-06 13:28:16.910 [TestNG-PoolService-1] WarriorsHomePage - Iterating through each product within each page....
[INFO ] 2024-10-06 13:28:16.910 [TestNG-PoolService-1] WarriorsHomePage - Iterating through each product within each page....
[INFO ] 2024-10-06 13:28:16.910 [TestNG-PoolService-1] WarriorsHomePage - Iterating through each product within each page....
[INFO ] 2024-10-06 13:28:16.923 [TestNG-PoolService-1] WarriorsHomePage - Iterating through each product within each page....
[INFO ] 2024-10-06 13:28:16.923 [TestNG-PoolService-1] WarriorsHomePage - Iterating through each product within each page....
[INFO ] 2024-10-06 13:28:16.935 [TestNG-PoolService-1] WarriorsHomePage - Iterating through each product within each page....
[INFO ] 2024-10-06 13:28:16.944 [TestNG-PoolService-1] WarriorsHomePage - Iterating through each product within each page....
[INFO ] 2024-10-06 13:28:16.944 [TestNG-PoolService-1] WarriorsHomePage - Iterating through each product within each page....
[INFO ] 2024-10-06 13:28:16.954 [TestNG-PoolService-1] WarriorsHomePage - All product specific details stored in .txt file : C:\Users\prave\eclipse-workspace_2024-09_R_1\Veeva-Assignment\target\chrome\webpage-extracted.txt
